<?xml version="1.0" encoding="UTF-8"?>
<!-- Generated by org.testng.reporters.JUnitReportReporter -->
<testsuite hostname="TVMATP310445D" name="BaseTest" tests="1" failures="0" timestamp="29 Aug 2018 08:17:13 GMT" time="0.002" errors="0">
  <testcase name="f" time="0.002" classname="BaseTest"/>
</testsuite> <!-- BaseTest -->
