<?xml version="1.0" encoding="UTF-8"?>
<!-- Generated by org.testng.reporters.JUnitReportReporter -->
<testsuite hostname="TVMATP310445D" name="com.ebay.baseSetup.driverScript" tests="1" failures="0" timestamp="29 Aug 2018 08:21:21 GMT" time="81.868" errors="0">
  <testcase name="initDriver" time="81.868" classname="com.ebay.baseSetup.driverScript"/>
</testsuite> <!-- com.ebay.baseSetup.driverScript -->
