<?xml version="1.0" encoding="UTF-8"?>
<!-- Generated by org.testng.reporters.JUnitReportReporter -->
<testsuite hostname="TVMATP310445D" name="com.ebay.Testcases.TC_verifyProductInfo" tests="1" failures="0" timestamp="3 Sep 2018 08:21:26 GMT" time="31.470" errors="0">
  <testcase name="verifyHomePage" time="31.470" classname="com.ebay.Testcases.TC_verifyProductInfo"/>
</testsuite> <!-- com.ebay.Testcases.TC_verifyProductInfo -->
