<?xml version="1.0" encoding="UTF-8"?>
<!-- Generated by org.testng.reporters.JUnitReportReporter -->
<testsuite hostname="TVMATP310445D" name="com.ebay.Testcases.TC_verifyProductdeatils" tests="1" failures="0" timestamp="30 Aug 2018 08:07:26 GMT" time="31.234" errors="0">
  <testcase name="verifyHomePage" time="31.234" classname="com.ebay.Testcases.TC_verifyProductdeatils"/>
</testsuite> <!-- com.ebay.Testcases.TC_verifyProductdeatils -->
