<?xml version="1.0" encoding="UTF-8"?>
<!-- Generated by org.testng.reporters.JUnitReportReporter -->
<testsuite hostname="TVMATP310445D" name="com.ebay.Testcases.ProductInfo_TCs" tests="1" failures="0" timestamp="3 Sep 2018 09:31:26 GMT" time="37.673" errors="0">
  <testcase name="TS_verifyProductPrize" time="37.673" classname="com.ebay.Testcases.ProductInfo_TCs"/>
</testsuite> <!-- com.ebay.Testcases.ProductInfo_TCs -->
